0001 0.305288 0.910950
0002 0.238493 0.828722
0003 0.184972 0.849950
0004 0.140340 0.886856
0005 0.102819 1.303923
0006 0.080676 0.840071
0007 0.067173 0.834879
0008 0.053860 0.837833
0009 0.050489 0.854269
0010 0.047117 0.847361
0011 0.046846 0.861552
0012 0.047958 0.955703
0013 0.046005 0.885264
0014 0.042877 0.906412
0015 0.044013 0.832508
0016 0.039056 0.902427
0017 0.036715 0.874810
0018 0.034306 0.917432
0019 0.030598 0.829370
0020 0.028376 0.834763
0021 0.026799 0.821387
0022 0.024294 0.829590
0023 0.024479 0.847966
0024 0.022955 0.846235
0025 0.022191 0.831600
0026 0.021117 0.808122
0027 0.021338 1.196851
0028 0.021011 0.808899
0029 0.020832 0.814906
0030 0.020417 0.832206
0031 0.020436 0.870709
0032 0.019738 0.841120
0033 0.019578 0.846072
0034 0.018852 0.813707
0035 0.019301 0.834642
0036 0.018415 0.810238
0037 0.018581 0.827659
0038 0.018044 0.817619
0039 0.017583 0.829759
0040 0.017423 0.817843
0041 0.016912 0.804899
0042 0.016636 0.818163
0043 0.016704 0.827474
0044 0.015991 0.844085
0045 0.015870 0.815929
0046 0.016007 1.079944
0047 0.015778 0.833317
0048 0.015809 0.818926
0049 0.015224 0.832582
0050 0.014992 1.458473
0051 0.015257 0.963867
0052 0.015326 0.845388
0053 0.014776 0.837274
0054 0.015017 0.835090
0055 0.014460 0.831931
0056 0.014192 1.213214
0057 0.014564 0.931541
0058 0.014026 0.919307
0059 0.013777 0.861239
0060 0.013889 0.826308
0061 0.014052 0.832602
0062 0.013396 1.350697
0063 0.013734 0.845615
0064 0.013381 0.854770
0065 0.013034 0.828513
0066 0.013275 0.916803
0067 0.013081 0.834316
0068 0.013022 0.819442
0069 0.012813 0.813954
0070 0.012516 0.889203
0071 0.012737 0.845961
0072 0.012311 0.850814
0073 0.012283 0.873655
0074 0.012225 0.853389
0075 0.012188 0.840243
0076 0.011821 1.304719
0077 0.012229 0.818576
0078 0.011917 0.907721
0079 0.011679 0.808929
0080 0.011631 0.852612
0081 0.011575 0.845528
0082 0.011356 0.845384
0083 0.011336 0.846073
0084 0.011420 0.964758
0085 0.011499 0.878638
0086 0.011427 0.826765
0087 0.011237 0.993072
0088 0.010918 0.841510
0089 0.011074 0.809962
0090 0.010844 0.811294
0091 0.010888 0.832290
0092 0.010830 0.893327
0093 0.010801 0.892627
0094 0.010505 1.416843
0095 0.010405 0.827544
0096 0.010467 0.815336
0097 0.010291 0.805803
0098 0.010468 0.815050
0099 0.010469 1.039007
0100 0.010260 0.857958
0101 0.010215 0.821556
0102 0.010329 0.829360
0103 0.009968 0.902272
0104 0.010011 1.693206
0105 0.009990 1.077403
0106 0.009894 0.913767
0107 0.009802 1.025279
0108 0.009819 0.856618
0109 0.009820 0.957773
0110 0.009693 0.981970
0111 0.009767 0.855564
0112 0.009445 0.851956
0113 0.009743 0.829927
0114 0.009489 0.824780
0115 0.009595 0.897716
0116 0.009501 1.702233
0117 0.009413 0.985864
0118 0.009485 1.124151
0119 0.009504 1.676275
0120 0.009123 0.971775
0121 0.009223 0.984347
0122 0.009269 1.058911
0123 0.008985 0.858092
0124 0.008891 0.818319
0125 0.009166 1.041805
0126 0.009078 0.850236
0127 0.009021 0.936362
0128 0.008930 1.120387
0129 0.008565 1.047381
0130 0.008939 0.905733
0131 0.008778 0.840385
0132 0.008867 0.824087
0133 0.008784 0.896395
0134 0.008524 0.920276
0135 0.008454 0.869645
0136 0.008719 0.930016
0137 0.008695 0.848734
0138 0.008641 0.836210
0139 0.008526 1.330898
0140 0.008579 0.855740
0141 0.008546 0.822685
0142 0.008360 1.047094
0143 0.008611 0.920814
0144 0.008269 0.899303
0145 0.008459 0.924283
0146 0.008352 0.935424
0147 0.008233 0.843422
0148 0.008301 0.837921
0149 0.008297 1.481799
0150 0.008231 0.837042
0151 0.008144 0.875548
0152 0.008158 0.964632
0153 0.008111 1.032094
0154 0.008026 0.827778
0155 0.008033 0.858135
0156 0.007881 0.977401
0157 0.007794 0.830257
0158 0.007680 0.832986
0159 0.007799 0.846475
0160 0.007890 0.829051
0161 0.007916 0.839418
0162 0.007789 0.850225
0163 0.007777 1.273693
0164 0.007830 0.885277
0165 0.007695 0.894032
0166 0.007552 0.902350
0167 0.007708 0.966952
0168 0.007647 0.949845
0169 0.007645 0.984758
0170 0.007521 1.774165
0171 0.007476 0.893752
0172 0.007560 1.009979
0173 0.007542 1.398567
0174 0.007441 0.874748
0175 0.007481 0.928362
0176 0.007512 0.896611
0177 0.007544 0.894624
0178 0.007424 0.845851
0179 0.007529 0.838130
0180 0.007414 2.461357
0181 0.007325 0.944869
0182 0.007349 0.866160
0183 0.007215 0.946188
0184 0.007283 0.870199
0185 0.007247 0.834572
0186 0.007402 0.896854
0187 0.007336 0.848376
0188 0.007102 0.863011
0189 0.007104 1.600023
0190 0.007088 1.515157
0191 0.007082 0.954416
0192 0.007112 1.611548
0193 0.007047 1.172222
0194 0.006903 0.946040
0195 0.007158 1.302159
0196 0.006964 0.965583
0197 0.006951 0.975255
0198 0.007100 0.949819
0199 0.006945 0.943933
0200 0.007119 0.954360
