0001 0.172084 0.399638
0002 0.110712 0.410558
0003 0.084463 0.400526
0004 0.075966 0.416467
0005 0.067156 0.437184
0006 0.062524 0.474267
0007 0.056663 0.425322
0008 0.050275 0.399316
0009 0.044664 0.416674
0010 0.038600 0.414226
0011 0.033905 0.420946
0012 0.030771 0.397253
0013 0.030888 0.400198
0014 0.028202 0.406858
0015 0.028348 0.411349
0016 0.027465 0.407827
0017 0.028222 0.465828
0018 0.026034 0.441788
0019 0.024427 0.572393
0020 0.023281 0.740072
0021 0.021519 0.484831
0022 0.021218 0.415638
0023 0.018517 0.413230
0024 0.019410 0.428636
0025 0.017456 0.424493
0026 0.017775 0.465629
0027 0.016795 0.433602
0028 0.016546 0.402886
0029 0.015282 0.415689
0030 0.015290 0.425577
0031 0.014214 0.432198
0032 0.013492 0.494270
0033 0.012983 0.404205
0034 0.012993 0.441484
0035 0.012866 0.425230
0036 0.012254 0.417626
0037 0.011778 0.489859
0038 0.012071 0.446729
0039 0.011695 0.432737
0040 0.011998 0.451824
0041 0.010664 0.421117
0042 0.010915 0.452571
0043 0.010413 0.433290
0044 0.009930 0.403127
0045 0.009614 0.405464
0046 0.009870 0.460513
0047 0.009847 0.398774
0048 0.009221 0.455334
0049 0.009186 0.426333
0050 0.009216 0.424207
0051 0.008629 0.452764
0052 0.008466 0.404828
0053 0.008285 0.419905
0054 0.008382 0.440793
0055 0.008171 0.442854
0056 0.007713 0.422245
0057 0.007849 0.495972
0058 0.007511 0.416269
0059 0.007381 0.414752
0060 0.007648 0.405070
0061 0.007255 0.576620
0062 0.007431 0.427396
0063 0.006909 0.412504
0064 0.006858 0.463535
0065 0.007034 0.409549
0066 0.006697 0.421102
0067 0.006646 0.414718
0068 0.006543 0.413302
0069 0.006598 0.423654
0070 0.006359 0.444164
0071 0.006306 0.415293
0072 0.006345 0.406162
0073 0.006225 0.411082
0074 0.006189 0.434499
0075 0.005926 0.452532
0076 0.005855 0.474508
0077 0.005883 0.427058
0078 0.005560 1.544482
0079 0.005644 0.449647
0080 0.005502 0.468851
0081 0.005540 0.447244
0082 0.005602 0.409869
0083 0.005441 0.432430
0084 0.005476 0.422296
0085 0.005374 0.455768
0086 0.005179 0.463623
0087 0.005279 0.466837
0088 0.005057 0.570068
0089 0.005132 0.411826
0090 0.004863 0.416502
0091 0.004932 0.450419
0092 0.004891 0.525082
0093 0.004996 0.579269
0094 0.004869 0.662651
0095 0.004783 0.715074
0096 0.004680 0.715456
0097 0.004653 0.537072
0098 0.004699 0.841214
0099 0.004718 1.311790
0100 0.004749 1.004990
0101 0.004433 0.816680
0102 0.004411 0.511285
0103 0.004437 0.505714
0104 0.004647 0.436679
0105 0.004336 1.863535
0106 0.004326 0.485465
0107 0.004392 0.413978
0108 0.004327 0.460079
0109 0.004203 0.422999
0110 0.004163 0.651530
0111 0.004220 1.029262
0112 0.004128 0.724410
0113 0.004258 0.477391
0114 0.004345 0.435256
0115 0.004201 0.424445
0116 0.003982 0.432882
0117 0.003901 0.422433
0118 0.003916 0.443940
0119 0.003974 0.410191
0120 0.003928 0.444761
0121 0.003870 0.425181
0122 0.003927 0.653071
0123 0.003882 0.424757
0124 0.003820 0.420777
0125 0.003799 0.421357
0126 0.004001 0.427184
0127 0.003836 0.465755
0128 0.003678 0.532359
0129 0.003848 0.511678
0130 0.003746 0.432716
0131 0.003533 0.927613
0132 0.003544 0.559217
0133 0.003699 0.440835
0134 0.003506 0.511740
0135 0.003546 0.504414
0136 0.003662 0.493992
0137 0.003559 0.561105
0138 0.003709 1.877355
0139 0.003234 0.434215
0140 0.003443 0.551788
0141 0.003510 0.520882
0142 0.003426 0.405909
0143 0.003418 0.427653
0144 0.003481 0.418248
0145 0.003354 0.466622
0146 0.003385 0.483146
0147 0.003495 0.507457
0148 0.003368 1.193809
0149 0.003345 0.414607
0150 0.003344 0.436467
0151 0.003270 0.412130
0152 0.003319 0.409051
0153 0.003230 0.420562
0154 0.003087 0.399897
0155 0.003221 0.411595
0156 0.003199 0.407019
0157 0.003154 0.416535
0158 0.003203 0.403666
0159 0.003055 0.415147
0160 0.003149 0.414327
0161 0.002986 0.403144
0162 0.003046 0.588972
0163 0.003097 0.404970
0164 0.003105 0.449855
0165 0.002947 0.410394
0166 0.003014 0.411225
0167 0.002959 0.434287
0168 0.002884 0.406681
0169 0.002951 0.389050
0170 0.003059 0.417902
0171 0.002873 0.410756
0172 0.003024 0.409602
0173 0.002881 0.404819
0174 0.002863 0.413403
0175 0.002930 0.432437
0176 0.002813 0.413395
0177 0.002822 0.407141
0178 0.002991 0.397444
0179 0.002791 0.415372
0180 0.002824 0.427302
0181 0.002937 0.402261
0182 0.002932 0.402350
0183 0.002741 0.469392
0184 0.002798 0.446155
0185 0.002809 0.413155
0186 0.002784 0.449396
0187 0.002709 0.410880
0188 0.002614 0.401927
0189 0.002700 0.423602
0190 0.002796 0.387534
0191 0.002783 0.425779
0192 0.002710 0.418196
0193 0.002669 0.656393
0194 0.002756 0.560028
0195 0.002651 0.400038
0196 0.002749 0.394431
0197 0.002748 0.395135
0198 0.002701 0.664057
0199 0.002702 0.418266
0200 0.002676 0.423671
