0001 0.515531 1.186326
0002 0.313590 1.192305
0003 0.265799 1.180572
0004 0.254536 1.395322
0005 0.213717 2.697156
0006 0.220743 1.272958
0007 0.186106 1.344073
0008 0.147787 1.663703
0009 0.116319 1.845461
0010 0.098866 1.194721
0011 0.082622 1.456369
0012 0.067889 1.457781
0013 0.067628 1.211912
0014 0.063067 1.112482
0015 0.061559 1.249686
0016 0.058608 1.704284
0017 0.054339 1.272800
0018 0.049819 1.723869
0019 0.046226 1.743253
0020 0.041368 1.496785
0021 0.039228 1.544290
0022 0.039355 1.253465
0023 0.039727 1.484454
0024 0.039969 1.285827
0025 0.038779 1.668885
0026 0.037566 1.628066
0027 0.035361 1.770597
0028 0.031933 1.153142
0029 0.030646 1.211540
0030 0.030203 1.088872
0031 0.029720 1.388991
0032 0.029567 1.137450
0033 0.031102 1.150431
0034 0.029143 1.227843
0035 0.029403 1.367618
0036 0.028919 1.111315
0037 0.027464 1.326078
0038 0.026492 1.251399
0039 0.026414 1.420922
0040 0.025174 1.141301
0041 0.025393 1.170692
0042 0.024385 1.911916
0043 0.024967 1.108456
0044 0.023791 1.284220
0045 0.023601 1.735433
0046 0.022854 1.131141
0047 0.022487 1.261803
0048 0.022074 1.201873
0049 0.021495 1.151907
0050 0.021396 1.178387
0051 0.021031 1.215503
0052 0.021093 1.346681
0053 0.021129 1.689678
0054 0.020287 1.207891
0055 0.020257 1.170189
0056 0.020162 1.909858
0057 0.019638 1.336826
0058 0.019640 1.268376
0059 0.018828 1.346039
0060 0.018866 1.242207
0061 0.018895 1.601160
0062 0.018627 1.223607
0063 0.018781 1.105991
0064 0.018262 1.669552
0065 0.017556 1.262843
0066 0.017692 1.399273
0067 0.017661 1.496032
0068 0.017344 1.262811
0069 0.017795 1.426065
0070 0.017488 1.341453
0071 0.017222 1.610961
0072 0.016966 1.425983
0073 0.016132 1.261211
0074 0.016404 1.355755
0075 0.016350 1.544698
0076 0.015846 1.273328
0077 0.015814 1.167593
0078 0.016399 1.836010
0079 0.016201 1.193833
0080 0.015611 1.232933
0081 0.015351 1.147337
0082 0.015517 1.224174
0083 0.014942 1.872344
0084 0.015346 1.356851
0085 0.014963 1.459379
0086 0.015120 1.314151
0087 0.014924 1.739082
0088 0.015020 1.194179
0089 0.014750 1.195314
0090 0.014544 2.715525
0091 0.014183 1.854182
0092 0.014304 1.178856
0093 0.014195 1.354277
0094 0.013685 1.242631
0095 0.013308 1.273786
0096 0.013659 1.265587
0097 0.013473 1.418966
0098 0.013137 1.425847
0099 0.013342 1.413139
0100 0.013133 1.221143
0101 0.012917 1.292566
0102 0.013043 1.419641
0103 0.012762 1.714150
0104 0.012555 1.691655
0105 0.012300 1.368486
0106 0.012514 1.731297
0107 0.012223 1.221971
0108 0.011972 1.219678
0109 0.011744 1.544200
0110 0.011621 1.749473
0111 0.011847 1.124784
0112 0.011854 1.325324
0113 0.011626 1.700397
0114 0.011606 1.609790
0115 0.011116 1.198671
0116 0.011027 1.262321
0117 0.010839 1.606433
0118 0.010998 1.202917
0119 0.010957 1.158972
0120 0.010678 1.170710
0121 0.010254 1.227019
0122 0.010330 1.225309
0123 0.010004 1.176837
0124 0.010332 1.201367
0125 0.010284 1.137725
0126 0.010195 1.164612
0127 0.009906 1.358892
0128 0.009713 1.249241
0129 0.009780 2.195589
0130 0.009681 1.321763
0131 0.009580 1.353827
0132 0.009589 1.278103
0133 0.009504 1.379262
0134 0.009115 1.333049
0135 0.009301 1.942496
0136 0.009255 1.352438
0137 0.008911 1.308990
0138 0.009248 1.265199
0139 0.008897 1.291340
0140 0.008943 1.597067
0141 0.008781 2.036666
0142 0.008528 2.033063
0143 0.008708 1.264028
0144 0.008458 1.410331
0145 0.008434 1.726879
0146 0.008060 1.405985
0147 0.008176 1.371702
0148 0.008128 1.257594
0149 0.008087 1.215233
0150 0.008200 1.184344
0151 0.008170 1.215095
0152 0.008191 1.601005
0153 0.007667 1.831118
0154 0.007999 1.247915
0155 0.007698 1.711494
0156 0.007823 1.301867
0157 0.007703 1.485538
0158 0.007678 1.481415
0159 0.007584 1.669097
0160 0.007485 2.082271
0161 0.007668 2.141420
0162 0.007441 1.341804
0163 0.007345 1.520128
0164 0.007289 1.277090
0165 0.007607 1.290758
0166 0.007315 1.696537
0167 0.007182 1.245790
0168 0.007273 1.233210
0169 0.006975 1.188056
0170 0.007143 1.208705
0171 0.007126 1.181647
0172 0.007031 1.765072
0173 0.006813 1.233660
0174 0.006796 1.130375
0175 0.006892 1.281954
0176 0.006941 1.839138
0177 0.006752 1.843775
0178 0.006761 1.503782
0179 0.006561 1.861354
0180 0.006797 1.642325
0181 0.006662 1.712199
0182 0.006766 1.504673
0183 0.006453 1.253288
0184 0.006582 2.032229
0185 0.006382 1.356613
0186 0.006396 2.123718
0187 0.006376 1.478303
0188 0.006339 1.384188
0189 0.006372 1.150453
0190 0.006256 1.664227
0191 0.006218 1.291394
0192 0.006235 1.166710
0193 0.006336 1.183163
0194 0.006096 1.535182
0195 0.006251 1.202503
0196 0.006094 1.211808
0197 0.005957 1.501488
0198 0.006216 1.639443
0199 0.005944 1.129292
0200 0.006122 1.232346
