0001 0.397666 0.291359
0001 0.493105 0.205755
0002 0.202235 0.161435
0003 0.064898 0.138545
0004 0.045718 0.131489
0005 0.071738 0.164289
0006 0.103843 0.129677
0007 0.104702 0.162853
0008 0.086931 0.138161
0009 0.061613 0.133400
0010 0.040809 0.140336
0011 0.029069 0.138223
0012 0.024369 0.303384
0013 0.026956 0.163607
0014 0.034498 0.137977
0015 0.039685 0.144060
0016 0.039783 0.136213
0017 0.037113 0.146727
0018 0.029576 0.147923
0019 0.025534 0.142334
0020 0.023000 0.140047
0021 0.020233 0.161647
0022 0.021097 0.140008
0023 0.023267 0.139530
0024 0.022019 0.203084
0025 0.023866 0.148746
0026 0.022016 0.172306
0027 0.019039 0.130759
0028 0.016866 0.164086
0029 0.016647 0.137672
0030 0.016523 0.152282
0031 0.014938 0.157174
0032 0.015998 0.183565
0033 0.015620 0.186438
0034 0.017714 0.136571
0035 0.016839 0.176921
0036 0.013568 0.140926
0037 0.014357 0.157803
0038 0.010884 0.140716
0039 0.010726 0.148085
0040 0.010806 0.158163
0041 0.010835 0.174559
0042 0.012598 0.135253
0043 0.012070 0.139582
0044 0.012821 0.138561
0045 0.011678 0.141426
0046 0.010987 0.164029
0047 0.009945 0.138504
0048 0.011806 0.171809
0049 0.010051 0.155014
0050 0.009502 0.142939
0051 0.009401 0.135930
0052 0.010501 0.136131
0053 0.010028 0.142090
0054 0.008843 0.163785
0055 0.007883 0.142918
0056 0.008475 0.138428
0057 0.008689 0.152431
0058 0.008412 0.134939
0059 0.009009 0.136563
0060 0.008578 0.169621
0061 0.007856 0.139148
0062 0.008022 0.138348
0063 0.008207 0.165569
0064 0.007541 0.210050
0065 0.007863 0.141938
0066 0.008213 0.159855
0067 0.007205 0.141532
0068 0.007090 0.156698
0069 0.007520 0.142219
0070 0.006540 0.142659
0071 0.006493 0.181632
0072 0.007765 0.137939
0073 0.007457 0.189435
0074 0.006763 0.159541
0075 0.006746 0.163080
0076 0.006617 0.138405
0077 0.006204 0.163240
0078 0.006141 0.157824
0079 0.006507 0.133264
0080 0.006465 0.143155
0081 0.006027 0.150246
0082 0.005493 0.135310
0083 0.006375 0.159250
0084 0.005914 0.158774
0085 0.005547 0.184349
0086 0.005621 0.201906
0087 0.005083 0.149954
0088 0.005892 0.277183
0089 0.006038 0.141924
0090 0.005469 0.170833
0091 0.005794 0.140200
0092 0.005302 0.147724
0093 0.005090 0.145425
0094 0.005239 0.146715
0095 0.005157 0.137805
0096 0.005398 0.171673
0097 0.005253 0.137337
0098 0.004870 0.139000
0099 0.005112 0.146340
0100 0.004756 0.140249
0101 0.004960 0.175349
0102 0.004894 0.138869
0103 0.004972 0.191715
0104 0.005158 0.156645
0105 0.004603 0.184574
0106 0.004646 0.163836
0107 0.004271 0.143156
0108 0.003965 0.156647
0109 0.004472 0.135649
0110 0.004496 0.132652
0111 0.004864 0.137560
0112 0.004259 0.191380
0113 0.004334 0.132620
0114 0.003785 0.132773
0115 0.004557 0.187945
0116 0.004036 0.143078
0117 0.004111 0.158542
0118 0.004236 0.135542
0119 0.004144 0.142020
0120 0.004012 0.155047
0121 0.003940 0.139912
0122 0.004411 0.164087
0123 0.004134 0.174335
0124 0.003719 0.157275
0125 0.004175 0.161322
0126 0.004306 0.141003
0127 0.003777 0.134201
0128 0.004069 0.164609
0129 0.004078 0.141189
0130 0.003523 0.141230
0131 0.003757 0.138158
0132 0.004146 0.140433
0133 0.004100 0.161083
0134 0.004285 0.155614
0135 0.003750 0.132448
0136 0.003897 0.150797
0137 0.003414 0.141101
0138 0.003965 0.155120
0139 0.003669 0.135833
0140 0.003412 0.138289
0141 0.003331 0.133985
0142 0.003425 0.150176
0143 0.003662 0.172059
0144 0.003424 0.137062
0145 0.003523 0.140606
0146 0.003493 0.156643
0147 0.003760 0.134438
0148 0.003617 0.143527
0149 0.003742 0.135014
0150 0.003192 0.155889
0151 0.003441 0.146812
0152 0.003375 0.138315
0153 0.003310 0.178281
0154 0.003044 0.157479
0155 0.003363 0.134894
0156 0.003229 0.135168
0157 0.003518 0.139067
0158 0.003116 0.135916
0159 0.003211 0.169102
0160 0.002882 0.141448
0161 0.003062 0.162966
0162 0.003356 0.174404
0163 0.002965 0.159623
0164 0.003261 0.137460
0165 0.002904 0.154046
0166 0.003069 0.140986
0167 0.002939 0.151482
0168 0.002794 0.171562
0169 0.002946 0.227255
0170 0.003140 0.136980
0171 0.003667 0.137158
0172 0.003180 0.161978
0173 0.003051 0.157014
0174 0.003076 0.156794
0175 0.003250 0.154461
0176 0.003620 0.136660
0177 0.002917 0.159476
0178 0.002847 0.149434
0179 0.003170 0.165451
0180 0.002730 0.142280
0181 0.002828 0.142635
0182 0.003558 0.147006
0183 0.002650 0.205130
0184 0.002831 0.147815
0185 0.002791 0.133068
0186 0.002917 0.155091
0187 0.002711 0.156648
0188 0.003115 0.140746
0189 0.002803 0.144783
0190 0.002897 0.142842
0191 0.002996 0.144525
0192 0.002872 0.138986
0193 0.003011 0.187748
0194 0.002952 0.144322
0195 0.002530 0.136695
0196 0.002517 0.159178
0197 0.002863 0.135906
0198 0.002946 0.140577
0199 0.002850 0.141926
0200 0.002752 0.146545
0001 0.042958 0.222896
0002 0.057640 0.141433
0003 0.032729 0.151834
0004 0.029960 0.176680
0005 0.039740 0.204108
0006 0.030391 0.176504
0007 0.022239 0.210584
0008 0.020575 0.170395
0009 0.024419 0.308508
0010 0.025140 0.248636
0011 0.019905 0.271335
0012 0.018155 0.211535
0013 0.015858 0.205835
0014 0.016402 0.234927
0015 0.016532 0.193688
0016 0.015475 0.224275
0017 0.013290 0.365199
0018 0.012314 0.153125
0019 0.013545 0.159713
0020 0.012589 0.172112
0021 0.011970 0.147597
0022 0.011216 0.150437
0023 0.009462 0.187258
0024 0.009791 0.165811
0025 0.012179 0.149504
0026 0.011207 0.150555
0027 0.009647 0.226709
0028 0.008285 0.150866
0029 0.007900 0.168995
0030 0.008944 0.147692
0031 0.008804 0.141519
0032 0.009439 0.172805
0033 0.007846 0.195967
0034 0.007300 0.161531
0035 0.007180 0.146784
0036 0.007384 0.146249
0037 0.007299 0.163798
0038 0.008095 0.165174
0039 0.006564 0.185405
0040 0.006602 0.184978
0041 0.006732 0.143157
0042 0.006699 0.149104
0043 0.005813 0.181098
0044 0.006040 0.159285
0045 0.006247 0.161383
0046 0.005831 0.167931
0047 0.006156 0.156548
0048 0.005487 0.171004
0049 0.005824 0.173646
0050 0.005729 0.155431
0051 0.005170 0.144130
0052 0.004912 0.205753
0053 0.005119 0.191785
0054 0.006141 0.159376
0055 0.005867 0.143514
0056 0.004083 0.162203
0057 0.005043 0.168617
0058 0.005137 0.148723
0059 0.004993 0.163024
0060 0.004592 0.167836
0061 0.004550 0.158066
0062 0.004404 0.152951
0063 0.004518 0.154955
0064 0.004805 0.183331
0065 0.004435 0.149776
0066 0.003532 0.302146
0067 0.004343 0.189677
0068 0.004037 0.145976
0069 0.004290 0.167031
0070 0.004118 0.186058
0071 0.004281 0.152822
0072 0.004104 0.185981
0073 0.004026 0.553195
0074 0.003834 0.216676
0075 0.004091 0.233600
0076 0.004296 0.178077
0077 0.004173 0.155434
0078 0.003485 0.220654
0079 0.003779 0.181812
0080 0.003840 0.152419
0081 0.003559 0.160180
0082 0.003730 0.151108
0083 0.003704 0.182744
0084 0.003476 0.262441
0085 0.003040 0.188079
0086 0.003479 0.192071
0087 0.003540 0.188506
0088 0.003506 0.204020
0089 0.003194 0.371955
0090 0.003426 0.430019
0091 0.003218 0.487111
0092 0.002973 0.403719
0093 0.003291 0.185729
0094 0.003066 0.164442
0095 0.002927 0.310269
0096 0.003045 0.269813
0097 0.003470 0.147628
0098 0.002963 0.150264
0099 0.003197 0.163267
0100 0.003108 0.155925
0101 0.002555 0.190874
0102 0.003053 0.164050
0103 0.003145 0.188874
0104 0.003058 0.174585
0105 0.003124 0.159636
0106 0.003147 0.167924
0107 0.003180 0.196942
0108 0.002862 0.171301
0109 0.002939 0.185638
0110 0.002798 0.193092
0111 0.002990 0.234118
0112 0.002641 0.198785
0113 0.002515 0.193737
0114 0.002423 0.275340
0115 0.002680 0.247727
0116 0.002419 0.185717
0117 0.002472 0.153158
0118 0.002885 0.226181
0119 0.002816 0.158208
0120 0.002820 0.201119
0121 0.002364 0.174345
0122 0.002333 0.231137
0123 0.002626 0.169264
0124 0.002288 0.183589
0125 0.002585 0.259751
0126 0.002608 0.166644
0127 0.002587 0.168496
0128 0.002304 0.199058
0129 0.002206 0.165608
0130 0.002458 0.232364
0131 0.002334 0.208103
0132 0.002089 0.212566
0133 0.002447 0.305026
0134 0.001987 0.220986
0135 0.002086 0.193485
0136 0.002136 0.174006
0137 0.002097 0.181410
0138 0.002344 0.179032
0139 0.002272 0.146977
0140 0.002407 0.197331
0141 0.002231 0.170958
0142 0.002307 0.177523
0143 0.002344 0.181555
0144 0.002319 0.181211
0145 0.002333 0.176768
0146 0.002338 0.157943
0147 0.002077 0.151761
0148 0.002242 0.200026
0149 0.002175 0.152650
0150 0.002249 0.202633
0151 0.002117 0.155135
0152 0.002015 0.201395
0153 0.002173 0.177797
0154 0.002016 0.166616
0155 0.002098 0.161181
0156 0.002170 0.195090
0157 0.002212 0.213239
0158 0.001940 0.199661
0159 0.002181 0.170456
0160 0.002009 0.184936
0161 0.002085 0.156041
0162 0.001737 0.159692
0163 0.001994 0.158757
0164 0.001877 0.165961
0165 0.001945 0.734096
0166 0.001786 0.548544
0167 0.001779 0.216061
0168 0.001885 0.196945
0169 0.001870 0.215326
0170 0.002018 0.191547
0171 0.001815 0.183711
0172 0.002093 0.174369
0173 0.001906 0.189418
0174 0.002068 0.180676
0175 0.001825 0.178822
0176 0.001921 0.259469
0177 0.001772 0.188796
0178 0.002154 0.200423
0179 0.001920 0.186769
0180 0.001717 0.218399
0181 0.001789 0.226183
0182 0.001822 0.190339
0183 0.001744 0.184765
0184 0.002132 0.180943
0185 0.001700 0.186602
0186 0.001981 0.187999
0187 0.001587 0.188940
0188 0.001865 0.187001
0189 0.001787 0.185110
0190 0.001484 0.178494
0191 0.001478 0.198173
0192 0.001712 0.182861
0193 0.001545 0.207924
0194 0.001767 0.181119
0195 0.001660 0.177822
0196 0.001723 0.485329
0197 0.001630 0.285844
0198 0.001694 0.212466
0199 0.001737 0.179789
0200 0.001754 0.186095
0001 0.353753 0.231042
0002 0.148004 0.160711
0003 0.066602 0.174201
0004 0.062296 0.151346
0005 0.077723 0.179565
0006 0.072853 0.145252
0007 0.057187 0.169285
0008 0.046977 0.142605
0009 0.043137 0.150973
0010 0.034935 0.148993
0011 0.039794 0.174788
0012 0.037284 0.162259
0013 0.034217 0.151930
0014 0.032093 0.168395
0015 0.027785 0.213458
0016 0.023775 0.163246
0017 0.021507 0.591819
0018 0.021139 0.821651
0019 0.019454 0.185210
0020 0.019630 0.187335
0021 0.023973 0.419607
0022 0.025361 0.390648
0023 0.022600 0.187357
0024 0.020647 0.183555
0025 0.020885 0.179815
0026 0.017594 0.319661
0027 0.015880 0.334434
0028 0.015169 0.170334
0029 0.012908 0.267101
0030 0.014353 0.189063
0031 0.012712 0.174740
0032 0.014041 0.154769
0033 0.012052 0.169289
0034 0.013053 0.166097
0035 0.012644 0.146029
0036 0.011321 0.181410
0037 0.011589 0.172777
0038 0.010755 0.195856
0039 0.011160 0.304450
0040 0.012015 0.183276
0041 0.011162 0.165069
0042 0.009571 0.262775
0043 0.009850 0.169041
0044 0.008515 0.174889
0045 0.008002 0.161754
0046 0.008464 0.215109
0047 0.007217 0.332950
0048 0.007887 0.155069
0049 0.007603 0.165453
0050 0.008638 0.177409
0051 0.007616 0.254832
0052 0.006588 0.178691
0053 0.006994 0.185860
0054 0.007814 0.169865
0055 0.007012 0.155087
0056 0.007140 0.175048
0057 0.006956 0.185252
0058 0.006608 0.145274
0059 0.006153 0.177382
0060 0.006415 0.168407
0061 0.006645 0.167403
0062 0.006937 0.144298
0063 0.006174 0.166865
0064 0.005340 0.145637
0065 0.005438 0.161017
0066 0.004993 0.140926
0067 0.005938 0.164453
0068 0.006589 0.148629
0069 0.005350 0.173569
0070 0.005641 0.174938
0071 0.004671 0.175074
0072 0.005106 0.306869
0073 0.005236 0.139358
0074 0.005093 0.172972
0075 0.004926 0.145279
0076 0.004670 0.213942
0077 0.004643 0.208684
0078 0.005022 0.245064
0079 0.004975 0.209404
0080 0.004740 0.210051
0081 0.004396 0.216573
0082 0.004944 0.257547
0083 0.004310 0.548064
0084 0.003951 0.222839
0085 0.003869 0.206838
0086 0.004343 0.206924
0087 0.004290 0.212642
0088 0.004238 0.220648
0089 0.004006 0.207295
0090 0.004406 0.189420
0091 0.004017 0.202357
0092 0.004280 0.208873
0093 0.003983 0.205220
0094 0.004279 0.215987
0095 0.004063 0.200243
0096 0.003624 0.225449
0097 0.003622 0.206555
0098 0.003788 0.234267
0099 0.003819 0.561393
0100 0.003761 0.284225
0101 0.003649 0.202843
0102 0.003376 0.243510
0103 0.003256 0.196967
0104 0.003737 0.201476
0105 0.003337 0.198120
0106 0.003104 0.199857
0107 0.003010 0.223049
0108 0.003468 0.209390
0109 0.003194 0.207738
0110 0.003181 0.208038
0111 0.003213 0.177586
0112 0.003633 0.167508
0113 0.003694 0.162625
0114 0.003343 0.148878
0115 0.003035 0.190673
0116 0.003206 0.169849
0117 0.003249 0.162150
0118 0.003047 0.170318
0119 0.003207 0.164390
0120 0.003239 0.157387
0121 0.002972 0.163198
0122 0.002827 0.165947
0123 0.003411 0.171737
0124 0.003204 0.137438
0125 0.002878 0.166567
0126 0.002910 0.143852
0127 0.002918 0.142707
0128 0.002746 0.172401
0129 0.002826 0.144717
0130 0.003013 0.158173
0131 0.002772 0.154520
0132 0.002926 0.165220
0133 0.003098 0.157195
0134 0.002683 0.141181
0135 0.002786 0.134245
0136 0.002716 0.145763
0137 0.002783 0.141443
0138 0.002483 0.156614
0139 0.002377 0.143156
0140 0.002594 0.155971
0141 0.002477 0.156212
0142 0.002688 0.177517
0143 0.002363 0.145173
0144 0.002945 0.164177
0145 0.002681 0.163466
0146 0.002554 0.139189
0147 0.002677 0.172134
0148 0.002418 0.152534
0149 0.002296 0.137282
0150 0.002310 0.150435
0151 0.002270 0.144695
0152 0.002251 0.180533
0153 0.002348 0.155841
0154 0.002515 0.150334
0155 0.002918 0.162019
0156 0.002644 0.185909
0157 0.002424 0.241004
0158 0.002593 0.308371
0159 0.002453 0.161331
0160 0.002293 0.142262
0161 0.002480 0.260171
0162 0.002373 0.146888
0163 0.002311 0.142917
0164 0.002281 0.139631
0165 0.002406 0.157883
0166 0.002463 0.188819
0167 0.002336 0.156598
0168 0.002220 0.153011
0169 0.002172 0.183587
0170 0.002106 0.139631
0171 0.002235 0.143850
0172 0.002297 0.146781
0173 0.002274 0.137570
0174 0.002392 0.143774
0175 0.002427 0.145674
0176 0.002516 0.170340
0177 0.002270 0.151564
0178 0.002189 0.135144
0179 0.002165 0.166932
0180 0.002072 0.141526
0181 0.002344 0.160004
0182 0.002279 0.143633
0183 0.002194 0.147595
0184 0.002001 0.158921
0185 0.002392 0.154073
0186 0.002284 0.145433
0187 0.002314 0.160988
0188 0.002235 0.163714
0189 0.002195 0.151762
0190 0.001986 0.160406
0191 0.002342 0.186319
0192 0.002212 0.153414
0193 0.001977 0.160365
0194 0.002077 0.161487
0195 0.002070 0.136097
0196 0.002143 0.156683
0197 0.002124 0.193256
0198 0.002007 0.184735
0199 0.002339 0.188079
0200 0.002315 0.161379
0001 0.294190 0.237928
0002 0.109402 0.256342
0003 0.041241 0.165794
0004 0.074852 0.155143
0005 0.095576 0.170203
0006 0.098467 0.174474
0007 0.068275 0.184664
0008 0.049008 0.172351
0009 0.036425 0.174360
0010 0.031588 0.150516
0011 0.028733 0.205331
0012 0.040534 0.176496
0013 0.038901 0.161245
0014 0.039774 0.151569
0015 0.036294 0.179878
0016 0.031520 0.310840
0017 0.026103 0.311832
0018 0.026310 0.298798
0019 0.022697 0.145787
0020 0.026018 0.178301
0021 0.023816 0.201267
0022 0.024105 0.148192
0023 0.018421 0.164945
0024 0.019544 0.175739
0025 0.018039 0.186676
0026 0.017027 0.239160
0001 0.067939 0.171722
0002 0.098558 0.157205
0003 0.056036 0.157975
0004 0.035452 0.137752
0005 0.051606 0.136958
0006 0.049884 0.155586
0007 0.040614 0.131531
0008 0.031288 0.170646
0009 0.028346 0.141519
0010 0.035195 0.134015
0011 0.030339 0.179614
0012 0.023997 0.157153
0013 0.022457 0.143136
0014 0.023890 0.144807
0015 0.024296 0.152327
0016 0.027137 0.156660
0017 0.023232 0.167315
0018 0.019834 0.137567
0019 0.018897 0.157393
0020 0.017999 0.143426
0021 0.020390 0.137669
0022 0.017694 0.132461
0023 0.017344 0.158591
0024 0.013793 0.147288
0025 0.014285 0.139667
0026 0.013978 0.150494
0027 0.013658 0.139371
0028 0.014800 0.143188
0029 0.012504 0.141790
0030 0.011609 0.170369
0031 0.012357 0.142033
0032 0.012203 0.149970
0033 0.012697 0.135757
0034 0.011221 0.145027
0035 0.010915 0.143443
0036 0.010529 0.138923
0037 0.011782 0.162795
0038 0.008682 0.214593
0039 0.009645 0.165208
0040 0.008673 0.179936
0041 0.009994 0.135053
0042 0.009560 0.153136
0043 0.008883 0.160800
0044 0.010525 0.158381
0045 0.007824 0.161380
0046 0.007621 0.142347
0047 0.007917 0.164279
0048 0.008234 0.177800
0049 0.008206 0.145701
0050 0.006992 0.173972
0051 0.007943 0.135421
0052 0.007041 0.155486
0053 0.007563 0.188042
0054 0.007028 0.140790
0055 0.007137 0.154128
0056 0.007340 0.179596
0057 0.007058 0.156296
0058 0.008038 0.140035
0059 0.006870 0.157689
0060 0.006359 0.145210
0061 0.005860 0.162530
0062 0.006015 0.151491
0063 0.006443 0.141327
0064 0.006723 0.137597
0065 0.005876 0.163852
0066 0.006286 0.144169
0067 0.005924 0.142673
0068 0.005749 0.152054
0069 0.006266 0.160483
0070 0.005723 0.144132
0071 0.005514 0.147098
0072 0.005713 0.170019
0073 0.006033 0.142090
0074 0.005488 0.166977
0075 0.005978 0.136060
0076 0.005338 0.234404
0077 0.005752 0.327820
0078 0.005925 0.231222
0079 0.005291 0.171138
0080 0.005862 0.139831
0081 0.005484 0.226594
0082 0.004895 0.147153
0083 0.005087 0.163956
0084 0.004614 0.151406
0085 0.004903 0.157561
0086 0.004513 0.185974
0087 0.004589 0.137759
0088 0.004960 0.158949
0089 0.004598 0.158695
0090 0.004316 0.165290
0091 0.004872 0.149310
0092 0.005006 0.161353
0093 0.004155 0.161126
0094 0.004407 0.167668
0095 0.004695 0.154073
0096 0.004526 0.138465
0097 0.004314 0.143254
0098 0.004440 0.170104
0099 0.004452 0.164406
0100 0.004082 0.137732
0101 0.004089 0.168186
0102 0.004138 0.143645
0103 0.003742 0.160554
0104 0.004157 0.160130
0105 0.003769 0.143677
0106 0.004074 0.156946
0107 0.004262 0.146993
0108 0.003734 0.143445
0109 0.003986 0.141400
0110 0.004095 0.156563
0111 0.003563 0.141435
0112 0.004240 0.139741
0113 0.003840 0.141384
0114 0.003938 0.140138
0115 0.003724 0.201997
0116 0.003853 0.140734
0117 0.003680 0.144979
0118 0.003694 0.159525
0119 0.003571 0.146698
0120 0.003740 0.142866
0121 0.003630 0.175800
0122 0.003715 0.171796
0123 0.003388 0.146924
0124 0.003409 0.137466
0125 0.003888 0.157489
0126 0.003221 0.173969
0127 0.003479 0.142248
0128 0.003075 0.140882
0129 0.003624 0.261074
0130 0.003462 0.147258
0131 0.003513 0.146713
0132 0.003064 0.137473
0133 0.003009 0.191689
0134 0.003070 0.159515
0135 0.003226 0.164964
0136 0.002965 0.134755
0137 0.003041 0.157313
0138 0.003269 0.145106
0139 0.003326 0.148589
0140 0.002872 0.152563
0141 0.002912 0.376158
0142 0.002807 0.171889
0143 0.003053 0.164537
0144 0.003101 0.141186
0145 0.002941 0.160056
0146 0.003231 0.141117
0147 0.002800 0.133660
0148 0.002791 0.149676
0149 0.002809 0.140087
0150 0.002866 0.159355
0151 0.002921 0.320006
0152 0.002559 0.354867
0153 0.002811 0.305311
0154 0.002842 0.285335
0155 0.002602 0.208169
0156 0.002901 0.213226
0157 0.002380 0.202999
0158 0.002456 0.186198
0159 0.002609 0.157597
0160 0.002365 0.167319
0161 0.002461 0.149997
0162 0.002722 0.161382
0163 0.002704 0.135358
0164 0.002557 0.137623
0165 0.002868 0.151165
0166 0.002426 0.146397
0167 0.002935 0.145123
0168 0.002575 0.144814
0169 0.002574 0.199475
0170 0.002745 0.171505
0171 0.002373 0.169265
0172 0.002395 0.144906
0173 0.002633 0.165431
0174 0.002696 0.168729
0175 0.002353 0.155428
0176 0.002094 0.135913
0177 0.002232 0.173659
0178 0.002511 0.143064
0179 0.002235 0.137841
0180 0.002283 0.167558
0181 0.002210 0.148359
0182 0.002305 0.162909
0183 0.002326 0.148827
0184 0.002345 0.156646
0185 0.002129 0.168207
0186 0.001993 0.164152
0187 0.002498 0.160023
0188 0.002055 0.148039
0189 0.002472 0.150099
0190 0.002360 0.188452
0191 0.002090 0.142573
0192 0.002009 0.202346
0193 0.002251 0.181371
0194 0.002291 0.137584
0195 0.002180 0.146294
0196 0.002161 0.166484
0197 0.002207 0.142404
0198 0.002241 0.140774
0199 0.002179 0.143133
0200 0.001847 0.159528
