0001 0.851506 0.726061
0002 0.540669 0.662984
0003 0.306201 0.628514
0004 0.241824 0.665408
0005 0.231637 0.652315
0006 0.208607 0.709474
0007 0.207336 0.643412
0008 0.183363 0.622569
0009 0.164296 0.706463
0010 0.133480 0.620747
0011 0.098332 0.655186
0012 0.077236 0.613389
0013 0.067329 0.619788
0014 0.068756 0.603924
0015 0.073664 0.622221
0016 0.075554 0.624585
0017 0.073110 0.617868
0018 0.069758 0.648519
0019 0.058791 0.626124
0020 0.049662 0.608468
0021 0.042308 0.624416
0022 0.036154 0.638447
0023 0.035136 0.620798
0024 0.034885 0.602684
0025 0.037736 0.889527
0026 0.037878 0.636002
0027 0.037681 0.642446
0028 0.037137 0.614535
0029 0.034896 0.636821
0030 0.030972 0.627566
0031 0.029296 0.640261
0032 0.027506 0.630753
0033 0.028481 0.628979
0034 0.026553 0.625067
0035 0.026887 0.630818
0036 0.028620 0.617134
0037 0.025641 0.632393
0038 0.025371 0.612696
0039 0.023760 0.689498
0040 0.021763 0.639670
0041 0.022076 0.626017
0042 0.021872 0.633101
0043 0.021659 0.632749
0044 0.021543 0.655310
0045 0.022381 0.664203
0046 0.022053 0.616066
0047 0.020505 0.631700
0048 0.019940 0.631844
0049 0.019031 0.781180
0050 0.019412 0.625424
0051 0.018696 0.708679
0052 0.018266 0.658156
0053 0.018242 0.645931
0054 0.018477 0.622491
0055 0.018260 0.673065
0056 0.017647 0.618205
0057 0.017529 0.639585
0058 0.018182 0.899884
0059 0.017194 0.645636
0060 0.017642 0.674581
0061 0.016506 0.641769
0062 0.016864 0.636801
0063 0.017058 0.639046
0064 0.016604 0.640349
0065 0.016723 0.678804
0066 0.015629 0.683903
0067 0.016277 0.673772
0068 0.015739 0.675120
0069 0.015493 0.638108
0070 0.015831 0.656089
0071 0.015251 0.627194
0072 0.015367 0.875379
0073 0.014935 0.626287
0074 0.015276 0.631960
0075 0.014953 0.631286
0076 0.014639 0.609448
0077 0.014234 0.638411
0078 0.014671 0.620160
0079 0.014735 0.627608
0080 0.014340 0.612699
0081 0.014623 0.622390
0082 0.014081 0.617223
0083 0.014047 0.639346
0084 0.014183 0.644108
0085 0.013131 0.644936
0086 0.013802 0.638751
0087 0.013660 0.612733
0088 0.013521 0.705496
0089 0.013374 0.653144
0090 0.013500 2.918042
0091 0.013462 0.674857
0092 0.013467 0.684583
0093 0.013162 0.683231
0094 0.013343 0.692596
0095 0.012832 0.690931
0096 0.012905 0.654636
0097 0.012503 1.269857
0098 0.013206 0.691082
0099 0.012482 0.666089
0100 0.012505 0.672150
0101 0.012785 0.645654
0102 0.012371 0.837349
0103 0.012824 0.721427
0104 0.012278 0.626257
0105 0.011925 0.648103
0106 0.012233 0.649958
0107 0.012092 0.620356
0108 0.012063 0.620095
0109 0.012261 0.750720
0110 0.011863 0.805972
0111 0.012341 1.112902
0112 0.012016 0.720055
0113 0.012093 1.074115
0114 0.011670 0.907847
0115 0.011666 0.902356
0116 0.011921 0.823644
0117 0.011877 0.698725
0118 0.011717 0.792150
0119 0.011353 0.703243
0120 0.011300 0.734306
0121 0.011637 0.628582
0122 0.011313 0.630866
0123 0.011494 0.623524
0124 0.011331 0.708624
0125 0.011401 1.367985
0126 0.011513 0.654300
0127 0.011315 0.644599
0128 0.010825 0.661532
0129 0.011230 0.632245
0130 0.011157 0.625610
0131 0.011062 0.790738
0132 0.011162 0.726348
0133 0.011336 0.709722
0134 0.010957 0.706440
0135 0.011104 1.527920
0136 0.010927 0.714029
0137 0.010564 0.805346
0138 0.010427 0.727638
0139 0.010778 0.725647
0140 0.010987 1.753160
0141 0.010207 0.715018
0142 0.010445 0.708179
0143 0.010018 0.715454
0144 0.010219 0.704487
0145 0.010618 1.745173
0146 0.010460 0.732201
0147 0.010488 0.706160
0148 0.010402 0.698202
0149 0.010014 0.691267
0150 0.009920 0.731318
0151 0.010095 0.817167
0152 0.009997 0.705731
0153 0.009927 0.707804
0154 0.009926 0.705859
0155 0.010115 0.703229
0156 0.009868 0.703019
0157 0.009903 0.693902
0158 0.009696 0.694080
0159 0.009597 0.714919
0160 0.009506 0.691865
0161 0.009443 0.704733
0162 0.009516 0.685598
0163 0.010075 0.713185
0164 0.009361 0.696994
0165 0.009274 0.694543
0166 0.009631 0.752645
0167 0.009319 0.697089
0168 0.009661 0.721197
0169 0.009229 0.700164
0170 0.009156 0.956830
0171 0.009285 2.544472
0172 0.009275 0.705383
0173 0.009002 0.704372
0174 0.009120 0.721528
0175 0.009220 0.686308
0176 0.009244 0.836791
0177 0.009017 0.704276
0178 0.009158 0.693885
0179 0.009208 0.737766
0180 0.008957 0.751516
0181 0.009033 2.385199
0182 0.009005 0.777721
0183 0.008900 0.967766
0184 0.008852 0.783115
0185 0.008874 0.736117
0186 0.008757 0.710336
0187 0.008909 0.828243
0188 0.009156 0.724959
0189 0.008438 0.944288
0190 0.008863 0.760515
0191 0.008674 0.710878
0192 0.008669 0.751145
0193 0.008838 2.446020
0194 0.008801 0.708613
0195 0.008495 0.678440
0196 0.008479 0.671494
0197 0.008313 0.631732
0198 0.008802 0.621835
0199 0.008565 0.686481
0200 0.008426 0.639691
