0001 0.488365 1.076170
0002 0.306088 1.188506
0003 0.199930 1.250819
0004 0.144983 1.165431
0005 0.147319 2.584586
0006 0.145962 1.188410
0007 0.132189 1.128557
0008 0.122895 1.146647
0009 0.098960 1.226079
0010 0.081567 1.140161
0011 0.068274 1.781332
0012 0.060354 1.163354
0013 0.055067 1.126151
0014 0.056405 1.168459
0015 0.053482 1.936445
0016 0.054891 3.420985
0017 0.053139 1.451218
0018 0.052749 1.813620
0019 0.051850 1.627428
0020 0.049224 1.321790
0021 0.046633 1.748047
0022 0.044767 1.331202
0023 0.043056 1.780591
0024 0.040691 1.764545
0025 0.040283 1.268366
0026 0.040411 1.278609
0027 0.039495 1.961634
0028 0.038274 2.306649
0029 0.039183 2.128489
0030 0.038647 1.359062
0031 0.039259 1.273738
0032 0.036147 1.291614
0033 0.036591 1.226911
0034 0.034432 1.282948
0035 0.033326 1.315233
0036 0.033021 1.251315
0037 0.031744 1.184026
0038 0.031585 1.267177
0039 0.031928 1.184645
0040 0.032075 2.673793
0041 0.031850 1.205341
0042 0.030892 1.775694
0043 0.030549 1.207305
0044 0.031402 1.216576
0045 0.029376 1.280632
0046 0.029812 2.391056
0047 0.028600 1.244593
0048 0.029433 1.247320
0049 0.028515 1.310399
0050 0.027736 1.306709
0051 0.028577 1.364256
0052 0.028322 1.675620
0053 0.028405 1.213320
0054 0.028067 1.315288
0055 0.027544 1.180065
0056 0.026920 1.131439
0057 0.027067 1.167875
0058 0.025954 1.288166
0059 0.026113 1.162119
0060 0.026568 1.351891
0061 0.026187 1.276180
0062 0.026638 1.195131
0063 0.025660 1.124203
0064 0.025810 1.254802
0065 0.025356 1.350438
0066 0.025493 1.365492
0067 0.025294 1.248927
0068 0.025016 1.174884
0069 0.024653 1.147097
0070 0.024337 1.893127
0071 0.024307 1.370158
0072 0.024283 1.402912
0073 0.024321 1.336289
0074 0.023945 1.368463
0075 0.023696 1.364461
0076 0.023887 1.208934
0077 0.023764 1.123931
0078 0.023014 1.242220
0079 0.023258 1.356723
0080 0.022966 1.159600
0081 0.022775 1.174924
0082 0.022352 1.778422
0083 0.022481 1.159463
0084 0.022429 1.155510
0085 0.022001 1.477159
0086 0.021406 1.227085
0087 0.021897 1.191755
0088 0.021891 1.346250
0089 0.021128 1.195882
0090 0.021220 1.308781
0091 0.020863 1.331968
0092 0.020785 1.348493
0093 0.020600 1.337530
0094 0.020064 1.470295
0095 0.020065 1.288997
0096 0.020260 1.392763
0097 0.019691 1.176560
0098 0.019793 1.276805
0099 0.019506 1.144768
0100 0.019074 1.099366
0101 0.019214 1.155673
0102 0.018782 1.123991
0103 0.018333 1.278583
0104 0.018785 1.133852
0105 0.018557 1.112217
0106 0.018349 1.212045
0107 0.017602 1.143120
0108 0.017792 1.091374
0109 0.017265 1.646665
0110 0.017336 1.257244
0111 0.017203 1.328447
0112 0.016769 1.242924
0113 0.017465 1.122430
0114 0.016668 1.239084
0115 0.016549 1.183726
0116 0.016065 1.095797
0117 0.015749 1.150547
0118 0.016104 1.172357
0119 0.015541 1.100689
0120 0.015274 1.093799
0121 0.015383 1.224056
0122 0.014829 1.140492
0123 0.014954 1.158058
0124 0.014809 1.147446
0125 0.014220 1.138637
0126 0.014257 1.211235
0127 0.013874 1.190782
0128 0.013972 1.247502
0129 0.013936 1.149978
0130 0.014129 1.250266
0131 0.013765 1.208453
0132 0.013776 1.115683
0133 0.013162 1.105404
0134 0.013205 1.074858
0135 0.012986 1.216490
0136 0.013213 1.103497
0137 0.012832 1.157767
0138 0.012801 1.343335
0139 0.012309 1.095707
0140 0.012315 1.301447
0141 0.012281 1.741633
0142 0.012025 1.177623
0143 0.011958 1.136080
0144 0.012085 1.120701
0145 0.011828 1.117188
0146 0.011690 1.244887
0147 0.011406 1.113923
0148 0.011598 1.192018
0149 0.011238 1.290391
0150 0.011061 1.111906
0151 0.011096 1.311270
0152 0.010877 1.099013
0153 0.010890 1.098822
0154 0.010913 1.089520
0155 0.010724 1.074216
0156 0.010467 1.088779
0157 0.010573 1.229932
0158 0.010664 1.105757
0159 0.010821 1.169985
0160 0.010446 1.124654
0161 0.010523 1.242116
0162 0.010174 1.385157
0163 0.010525 1.200977
0164 0.010074 1.159654
0165 0.010278 1.333391
0166 0.010096 1.137402
0167 0.010052 1.102009
0168 0.010076 1.187457
0169 0.009643 1.154056
0170 0.009775 1.280368
0171 0.009657 1.348183
0172 0.009812 1.229840
0173 0.009750 1.176966
0174 0.009593 1.257190
0175 0.009392 1.117123
0176 0.009544 1.162239
0177 0.009073 1.912087
0178 0.009241 1.399713
0179 0.009261 1.102702
0180 0.009071 1.115525
0181 0.009370 1.120907
0182 0.009233 1.123526
0183 0.009142 1.084392
0184 0.009027 1.127072
0185 0.008875 1.207198
0186 0.008661 1.108412
0187 0.008714 1.112782
0188 0.008832 1.211292
0189 0.008735 1.135735
0190 0.008853 1.142881
0191 0.008777 1.114510
0192 0.008516 1.226761
0193 0.008668 1.271027
0194 0.008565 1.093334
0195 0.008631 1.124261
0196 0.008228 1.191975
0197 0.008537 1.091492
0198 0.008434 1.099971
0199 0.008539 1.333383
0200 0.008285 1.148062
