0001 1.405127 2.189204
0002 0.892178 1.423308
0003 0.532024 0.917440
0004 0.304493 2.052650
0005 0.193017 0.853033
0006 0.164549 0.819003
0007 0.177572 1.532667
0008 0.187062 0.883640
0009 0.193255 0.826337
0010 0.183818 0.842851
0011 0.165556 0.838716
0012 0.139812 0.831328
0013 0.124369 0.825421
0014 0.104143 0.829151
0015 0.089735 0.885896
0016 0.078789 0.938461
0017 0.069113 0.852339
0018 0.064428 0.888974
0019 0.062172 0.841773
0020 0.061428 0.809245
0021 0.060000 1.266124
0022 0.064326 0.907379
0023 0.061811 0.936691
0024 0.061682 0.989791
0025 0.062357 0.941654
0026 0.060476 0.946025
0027 0.059518 1.286857
0028 0.055252 0.871344
0029 0.053213 0.958909
0030 0.049095 0.866924
0031 0.046067 1.359163
0032 0.043253 0.932337
0033 0.041959 0.895253
0034 0.041085 1.040928
0035 0.040832 0.849705
0036 0.041260 0.942046
0037 0.041289 1.350307
0038 0.042504 0.842680
0039 0.042463 0.863738
0040 0.041962 3.266556
0041 0.041819 0.861140
0042 0.040788 0.943962
0043 0.040015 2.255275
0044 0.038319 0.917084
0045 0.038270 0.858483
0046 0.036996 2.170475
0047 0.037067 0.959285
0048 0.036495 0.935572
0049 0.036395 1.458229
0050 0.036068 0.882202
0051 0.035830 0.943894
0052 0.035990 0.947585
0053 0.036158 0.961261
0054 0.035481 0.849354
0055 0.035656 1.973036
0056 0.035714 0.926514
0057 0.035457 0.918348
0058 0.035046 1.503221
0059 0.034384 0.923933
0060 0.034343 0.885517
0061 0.034212 0.941637
0062 0.033944 0.914275
0063 0.034081 0.857081
0064 0.033548 0.859168
0065 0.033220 0.856242
0066 0.032799 1.149971
0067 0.033460 0.815952
0068 0.032748 0.906089
0069 0.033244 0.889257
0070 0.032942 1.065502
0071 0.032752 1.065242
0072 0.032854 0.875959
0073 0.032597 0.839471
0074 0.031961 0.825757
0075 0.031482 0.905957
0076 0.031915 1.000287
0077 0.031337 0.896076
0078 0.031845 0.851134
0079 0.031233 3.866294
0080 0.031183 0.875428
0081 0.031443 0.861552
0082 0.031207 0.885341
0083 0.031088 0.854167
0084 0.030690 0.873624
0085 0.030670 1.232694
0086 0.030433 0.886996
0087 0.030455 0.873677
0088 0.030004 0.879826
0089 0.030529 0.839444
0090 0.029531 0.842261
0091 0.029420 0.947602
0092 0.029822 0.878893
0093 0.029203 0.827672
0094 0.029225 0.841715
0095 0.029329 0.848233
0096 0.028487 0.830859
0097 0.028756 0.836044
0098 0.028493 0.872368
0099 0.028546 0.834472
0100 0.028261 0.839651
0101 0.027945 0.826267
0102 0.028178 0.829453
0103 0.027398 0.836504
0104 0.026756 0.937233
0105 0.027104 0.823055
0106 0.027011 0.816693
0107 0.026907 0.855744
0108 0.027245 0.885249
0109 0.026883 0.853907
0110 0.026676 0.817734
0111 0.026467 1.621711
0112 0.025907 0.824222
0113 0.026009 0.834437
0114 0.025352 0.816699
0115 0.025776 0.842468
0116 0.025269 0.835698
0117 0.025242 0.816393
0118 0.025046 0.806274
0119 0.025332 1.119239
0120 0.024655 0.852640
0121 0.024915 0.881772
0122 0.024315 0.844884
0123 0.024541 0.824915
0124 0.024039 0.841294
0125 0.024716 0.816154
0126 0.023789 0.824376
0127 0.023787 0.821561
0128 0.023665 0.840012
0129 0.023494 0.834229
0130 0.023493 0.808278
0131 0.023508 0.837444
0132 0.023085 1.708039
0133 0.022948 0.915750
0134 0.022792 0.850681
0135 0.022782 0.842734
0136 0.022818 0.926557
0137 0.022705 0.857941
0138 0.022344 0.840906
0139 0.022337 0.940811
0140 0.022444 1.017131
0141 0.021939 0.822468
0142 0.021942 1.027253
0143 0.021839 0.821196
0144 0.022058 0.835238
0145 0.021483 0.941160
0146 0.021758 1.039793
0147 0.021100 0.940524
0148 0.021506 0.870662
0149 0.021119 0.931916
0150 0.020848 0.825355
0151 0.020867 0.835660
0152 0.021058 0.966424
0153 0.021227 0.839698
0154 0.020677 0.829382
0155 0.020482 0.818661
0156 0.020403 0.964360
0157 0.020679 0.933472
0158 0.020931 0.948493
0159 0.020517 0.964310
0160 0.020069 0.941511
0161 0.020239 0.822975
0162 0.020305 0.865032
0163 0.019887 0.871218
0164 0.019998 0.882606
0165 0.020083 0.838950
0166 0.020087 0.824229
0167 0.019575 0.860855
0168 0.019426 0.818688
0169 0.020202 0.873419
0170 0.019438 0.861575
0171 0.019251 0.805081
0172 0.019383 1.067520
0173 0.019267 0.830362
0174 0.019424 0.826309
0175 0.018966 0.887002
0176 0.018883 0.803675
0177 0.019184 1.199306
0178 0.019028 0.836397
0179 0.018925 0.837687
0180 0.018834 0.824958
0181 0.018481 0.830462
0182 0.018487 1.218972
0183 0.018885 0.830440
0184 0.018325 0.841634
0185 0.018392 0.976269
0186 0.018371 0.827107
0187 0.018429 0.828928
0188 0.017970 0.857127
0189 0.018047 0.814713
0190 0.017934 0.840673
0191 0.017774 0.832183
0192 0.017594 0.849160
0193 0.018187 0.991103
0194 0.017963 0.827612
0195 0.017641 0.821301
0196 0.017973 0.829050
0197 0.017335 0.827597
0198 0.017306 0.812153
0199 0.017724 0.826810
0200 0.017371 2.109411
