0001 0.483795 0.231139
0002 0.234660 0.258750
0003 0.138459 1.052951
0004 0.113748 0.273493
0005 0.075304 0.243895
0006 0.050721 0.233947
0007 0.034899 0.233109
0008 0.042251 0.239128
0009 0.051059 0.233063
0010 0.056585 0.231182
0011 0.047578 0.226720
0012 0.034102 0.240002
0013 0.026360 0.227424
0014 0.026549 0.221265
0015 0.025382 0.229230
0016 0.024307 0.224416
0017 0.025151 0.215345
0018 0.023912 0.224084
0019 0.022031 0.214853
0020 0.018497 0.227489
0021 0.020488 0.224665
0022 0.021348 0.223757
0023 0.022651 0.222684
0024 0.019005 0.224755
0025 0.018915 0.227749
0026 0.015685 0.232316
0027 0.014543 0.225230
0028 0.015025 0.296676
0029 0.014424 0.964158
0030 0.013436 0.253806
0031 0.016047 0.233757
0032 0.013244 0.229059
0033 0.013690 0.211937
0034 0.013247 0.226916
0035 0.013574 0.245582
0036 0.013068 0.223519
0037 0.012780 0.215527
0038 0.011894 0.221951
0039 0.013300 0.221628
0040 0.010639 0.215201
0041 0.012334 0.225325
0042 0.010947 0.219460
0043 0.011499 0.224630
0044 0.010077 0.227187
0045 0.010164 0.222081
0046 0.010424 0.224779
0047 0.010438 0.227534
0048 0.010395 0.226210
0049 0.010072 0.226490
0050 0.010383 0.220573
0051 0.009771 0.229498
0052 0.008663 0.231264
0053 0.009241 0.228205
0054 0.008098 0.219030
0055 0.008399 0.217405
0056 0.008262 0.224866
0057 0.008181 0.232911
0058 0.007671 0.870365
0059 0.007839 0.234190
0060 0.008744 0.220225
0061 0.008084 0.224847
0062 0.006916 0.211329
0063 0.007762 0.222486
0064 0.006184 0.214174
0065 0.006594 0.216544
0066 0.007777 0.217656
0067 0.007051 0.224518
0068 0.006790 0.220476
0069 0.007043 0.226504
0070 0.006592 0.221554
0071 0.006263 0.219853
0072 0.006606 0.228348
0073 0.006608 0.224447
0074 0.005898 0.221970
0075 0.006143 0.227315
0076 0.006968 0.226938
0077 0.005299 0.219986
0078 0.005808 0.228790
0079 0.006024 0.214512
0080 0.006113 0.225860
0081 0.005161 0.219735
0082 0.005916 0.214677
0083 0.006294 0.217671
0084 0.005563 0.217281
0085 0.005575 0.218588
0086 0.005196 0.221583
0087 0.005443 0.216410
0088 0.004961 0.238369
0089 0.005622 0.706808
0090 0.004883 0.205025
0091 0.005321 0.217960
0092 0.004414 0.219277
0093 0.005135 0.232643
0094 0.005041 0.225333
0095 0.005228 0.214729
0096 0.004399 0.207444
0097 0.005062 0.223870
0098 0.004483 0.219099
0099 0.004419 0.213753
0100 0.004339 0.214259
0101 0.004416 0.223039
0102 0.004830 0.232455
0103 0.004237 0.231454
0104 0.003821 0.216100
0105 0.004707 0.224319
0106 0.004237 0.220256
0107 0.004780 0.224119
0108 0.004018 0.223449
0109 0.004319 0.222862
0110 0.004392 0.214990
0111 0.003940 0.222313
0112 0.004196 0.219928
0113 0.004347 0.210892
0114 0.003874 0.215351
0115 0.004048 0.215692
0116 0.004175 0.221385
0117 0.004088 0.224963
0118 0.003730 0.217340
0119 0.003881 0.225057
0120 0.003950 0.831970
0121 0.003976 0.211930
0122 0.004213 0.209175
0123 0.003643 0.220914
0124 0.003511 0.217014
0125 0.003403 0.226787
0126 0.003689 0.221466
0127 0.003364 0.224492
0128 0.003215 0.220374
0129 0.003974 0.221069
0130 0.003388 0.221663
0131 0.003466 0.231210
0132 0.003448 0.220051
0133 0.003724 0.229037
0134 0.003655 0.218792
0135 0.003689 0.226794
0136 0.003865 0.225660
0137 0.003494 0.231021
0138 0.003521 0.228095
0139 0.003481 0.219160
0140 0.003395 0.227992
0141 0.003286 0.222157
0142 0.003596 0.221482
0143 0.003874 0.232599
0144 0.003461 0.227497
0145 0.003342 0.214829
0146 0.003507 0.222941
0147 0.002943 0.218823
0148 0.002981 0.236407
0149 0.003274 0.215227
0150 0.002985 0.236547
0151 0.003243 0.725753
0152 0.002922 0.219703
0153 0.002918 0.217802
0154 0.003145 0.214517
0155 0.002816 0.207675
0156 0.003103 0.216516
0157 0.003008 0.218377
0158 0.003192 0.221406
0159 0.002915 0.226837
0160 0.002974 0.227466
0161 0.002773 0.219273
0162 0.003015 0.224260
0163 0.003298 0.220213
0164 0.003041 0.222524
0165 0.002678 0.221887
0166 0.002929 0.229420
0167 0.002932 0.223827
0168 0.002588 0.226951
0169 0.002898 0.221642
0170 0.002943 0.224451
0171 0.002957 0.224605
0172 0.002941 0.207583
0173 0.002721 0.210792
0174 0.003096 0.224014
0175 0.002819 0.215768
0176 0.002800 0.219855
0177 0.002916 0.219358
0178 0.002700 0.218681
0179 0.002733 0.233925
0180 0.002849 0.220099
0181 0.002881 0.225099
0182 0.002801 0.507753
0183 0.002471 0.210802
0184 0.002655 0.210007
0185 0.002693 0.210663
0186 0.002611 0.220476
0187 0.002755 0.219620
0188 0.002520 0.213468
0189 0.002839 0.221110
0190 0.002584 0.210070
0191 0.002527 0.220701
0192 0.002674 0.230128
0193 0.002480 0.219112
0194 0.002285 0.220554
0195 0.002484 0.217851
0196 0.002348 0.224154
0197 0.002325 0.228319
0198 0.002712 0.238611
0199 0.002537 0.231106
0200 0.002390 0.218440
