0001 0.796834 0.919568
0002 0.497839 0.624313
0003 0.325483 0.653782
0004 0.226018 0.639496
0005 0.201649 0.638391
0006 0.174755 0.629986
0007 0.183270 0.634591
0008 0.149213 0.627430
0009 0.128860 1.236378
0010 0.087510 0.638315
0011 0.069924 0.640026
0012 0.059637 0.640225
0013 0.058759 0.665485
0014 0.064774 0.618275
0015 0.068208 0.806390
0016 0.070968 0.663427
0017 0.068759 0.624212
0018 0.059979 0.632334
0019 0.051302 0.633727
0020 0.045524 1.423038
0021 0.046005 0.644765
0022 0.042561 0.638646
0023 0.045551 0.628832
0024 0.046626 0.632425
0025 0.048250 0.636567
0026 0.044363 0.841228
0027 0.041426 0.693631
0028 0.037551 0.659987
0029 0.036634 0.628714
0030 0.034951 0.668310
0031 0.034490 0.630033
0032 0.034007 0.997940
0033 0.033671 0.791817
0034 0.033365 0.710661
0035 0.032298 0.732084
0036 0.030968 1.146281
0037 0.029077 0.759347
0038 0.027733 0.637184
0039 0.027454 0.656445
0040 0.026854 0.650139
0041 0.026258 0.653798
0042 0.027471 0.718215
0043 0.026027 0.643673
0044 0.024614 0.659780
0045 0.023915 0.638014
0046 0.022269 0.654912
0047 0.023069 0.804841
0048 0.022603 0.704102
0049 0.022248 0.646429
0050 0.021918 0.629207
0051 0.021861 0.644263
0052 0.020008 0.638298
0053 0.020105 0.650772
0054 0.019295 0.609255
0055 0.019411 0.669966
0056 0.018909 0.742137
0057 0.019812 1.588055
0058 0.018417 0.638067
0059 0.018280 0.644578
0060 0.018536 0.666378
0061 0.017621 0.629534
0062 0.018059 0.645296
0063 0.017877 1.140786
0064 0.018322 0.628633
0065 0.017561 0.633686
0066 0.016872 0.638330
0067 0.016263 0.626103
0068 0.016844 0.645034
0069 0.015642 0.711829
0070 0.015402 0.626003
0071 0.016131 0.621601
0072 0.015543 0.639690
0073 0.015832 0.631026
0074 0.014845 1.321823
0075 0.014639 0.643593
0076 0.014391 0.646895
0077 0.014428 0.654398
0078 0.013912 0.642838
0079 0.013580 0.635187
0080 0.013450 0.665732
0081 0.013642 0.631528
0082 0.013430 0.633722
0083 0.013619 0.615022
0084 0.012668 0.641459
0085 0.013326 0.636713
0086 0.012856 0.690090
0087 0.012640 0.629879
0088 0.012433 0.631603
0089 0.012818 0.627437
0090 0.012318 0.636273
0091 0.012543 1.206186
0092 0.011964 0.693879
0093 0.012189 0.629312
0094 0.012345 0.638908
0095 0.011884 0.631369
0096 0.011929 0.648758
0097 0.011561 0.793662
0098 0.011661 0.649057
0099 0.011350 0.641699
0100 0.011530 0.649305
0101 0.011361 0.632865
0102 0.011222 0.621575
0103 0.011350 0.652627
0104 0.010819 0.644085
0105 0.011171 0.623202
0106 0.010929 0.631175
0107 0.010506 0.645046
0108 0.010717 0.633985
0109 0.010655 0.659365
0110 0.010341 0.640084
0111 0.010585 0.631115
0112 0.010585 0.760280
0113 0.010075 0.657961
0114 0.009851 0.632594
0115 0.010284 0.702147
0116 0.010052 0.644441
0117 0.009937 0.618569
0118 0.009721 0.635495
0119 0.009874 0.632486
0120 0.009819 0.673023
0121 0.009487 0.660943
0122 0.009638 0.614473
0123 0.009870 0.669059
0124 0.009581 0.724018
0125 0.009351 1.451920
0126 0.009379 0.957602
0127 0.009256 0.635078
0128 0.009577 0.642591
0129 0.009163 0.626707
0130 0.009122 0.641870
0131 0.009263 0.696952
0132 0.008811 0.733975
0133 0.009256 0.654030
0134 0.009111 0.635564
0135 0.008949 0.640547
0136 0.008820 0.820976
0137 0.009210 0.626798
0138 0.008936 0.743076
0139 0.008980 0.664616
0140 0.009092 0.655184
0141 0.008715 1.524094
0142 0.008599 0.679585
0143 0.008501 0.702552
0144 0.008688 0.674096
0145 0.008336 0.651847
0146 0.008325 0.659875
0147 0.008499 0.652189
0148 0.008525 0.694973
0149 0.008567 0.666665
0150 0.008348 0.641177
0151 0.008289 0.627678
0152 0.008661 0.802189
0153 0.008177 0.725426
0154 0.008034 0.743609
0155 0.008008 0.750354
0156 0.008042 0.745783
0157 0.008050 0.734947
0158 0.008073 0.743060
0159 0.007984 0.723029
0160 0.008222 0.651190
0161 0.007727 0.657471
0162 0.008155 1.363473
0163 0.007961 0.642484
0164 0.007808 0.668774
0165 0.007771 0.654996
0166 0.007908 0.653856
0167 0.007862 0.631849
0168 0.007686 0.661618
0169 0.007860 0.640723
0170 0.007719 0.628694
0171 0.007404 0.642669
0172 0.007467 0.678450
0173 0.007827 1.334016
0174 0.007463 0.653342
0175 0.007689 0.657697
0176 0.007371 0.663410
0177 0.007235 0.860368
0178 0.007569 1.473672
0179 0.007113 0.632845
0180 0.007353 0.644982
0181 0.007226 0.693301
0182 0.007103 0.648329
0183 0.007405 0.639110
0184 0.007359 0.712493
0185 0.007213 0.644406
0186 0.006798 0.687619
0187 0.006967 0.639550
0188 0.007037 0.644056
0189 0.007167 0.868689
0190 0.007000 0.691141
0191 0.007056 0.663162
0192 0.006839 0.663237
0193 0.007204 0.634727
0194 0.006794 0.689339
0195 0.006998 0.646184
0196 0.006728 0.665845
0197 0.006976 0.674094
0198 0.006943 0.657331
0199 0.006834 0.641538
0200 0.006747 0.664836
