0001 1.771457 0.506467
0002 1.197244 0.557817
0003 0.744501 0.637741
0004 0.420837 0.521782
0005 0.204557 0.505588
0006 0.102687 0.510054
0007 0.084999 0.509850
0008 0.131128 0.534827
0009 0.177290 0.507452
0010 0.212116 0.524635
0011 0.212493 0.555147
0012 0.190728 0.522449
0013 0.149666 0.525318
0014 0.109332 0.527083
0015 0.076239 0.523100
0016 0.054241 0.541060
0017 0.042161 0.558996
0018 0.038159 0.556983
0019 0.042180 0.727851
0020 0.050815 0.575073
0021 0.057653 0.541549
0022 0.060340 0.496275
0023 0.059508 0.500378
0024 0.058583 0.496135
0025 0.054580 0.425255
0026 0.045631 0.403889
0027 0.037917 0.416858
0028 0.031842 0.434481
0029 0.030424 0.397849
0030 0.026744 0.394602
0031 0.027044 1.028443
0032 0.028217 0.920655
0033 0.028682 1.480605
0034 0.029496 0.527036
0035 0.032929 0.495091
0036 0.031026 0.532831
0037 0.032576 0.714486
0038 0.029145 0.417533
0039 0.029241 0.450041
0040 0.026989 0.442401
0041 0.024614 0.406402
0042 0.023891 0.412572
0043 0.023343 0.428671
0044 0.023174 0.457155
0045 0.022394 0.667068
0046 0.023456 0.490713
0047 0.023723 0.491744
0048 0.024070 0.528271
0049 0.024653 0.507620
0050 0.024053 0.484905
0051 0.022832 0.752510
0052 0.022942 0.486428
0053 0.022321 0.500173
0054 0.021127 0.495566
0055 0.020545 0.482883
0056 0.020666 0.474171
0057 0.021145 0.466177
0058 0.020629 0.412141
0059 0.020259 0.533409
0060 0.020331 0.588385
0061 0.019939 0.519370
0062 0.019685 0.483408
0063 0.019381 0.474746
0064 0.018677 0.509249
0065 0.019099 0.513719
0066 0.019033 0.486234
0067 0.018054 0.402690
0068 0.018049 0.404828
0069 0.018227 0.402039
0070 0.018260 0.432165
0071 0.018260 0.414095
0072 0.018233 0.444803
0073 0.017570 0.406835
0074 0.016925 0.599885
0075 0.017183 0.462192
0076 0.017192 0.416002
0077 0.016963 0.425586
0078 0.016834 0.431867
0079 0.016457 0.415055
0080 0.016168 0.415815
0081 0.016471 0.406855
0082 0.016414 0.415066
0083 0.016928 0.403343
0084 0.015508 0.416419
0085 0.015978 0.406197
0086 0.015243 0.404683
0087 0.015741 0.409839
0088 0.015272 0.415637
0089 0.015061 0.424626
0090 0.015014 0.402662
0091 0.015167 0.406127
0092 0.015295 0.409641
0093 0.014093 0.415451
0094 0.014700 0.416301
0095 0.014942 0.432599
0096 0.014496 0.434920
0097 0.014263 0.415079
0098 0.014339 0.393458
0099 0.013589 0.421078
0100 0.014275 0.398205
0101 0.013692 0.428977
0102 0.013734 0.408499
0103 0.013360 0.411696
0104 0.012943 0.530053
0105 0.013008 0.784520
0106 0.012798 0.561234
0107 0.013038 0.480957
0108 0.013289 0.582734
0109 0.012796 0.478928
0110 0.012528 0.491324
0111 0.012691 0.465743
0112 0.013010 0.461083
0113 0.012287 0.518575
0114 0.011979 0.494210
0115 0.012570 0.455559
0116 0.011820 0.405717
0117 0.011881 0.406470
0118 0.011778 0.449309
0119 0.011404 0.412842
0120 0.011404 0.481806
0121 0.011601 0.442254
0122 0.011799 0.439026
0123 0.010908 0.446967
0124 0.011444 0.455975
0125 0.011463 0.434088
0126 0.011333 0.403945
0127 0.010465 0.445717
0128 0.010739 0.406785
0129 0.011105 0.411667
0130 0.010549 0.415602
0131 0.010736 0.403675
0132 0.010422 0.440089
0133 0.010372 0.421371
0134 0.010306 0.399319
0135 0.010774 0.416679
0136 0.010433 0.408719
0137 0.010192 0.404400
0138 0.009738 0.434414
0139 0.009433 0.537662
0140 0.009837 0.434904
0141 0.010252 0.403540
0142 0.009768 0.392153
0143 0.009432 0.515673
0144 0.009468 0.467504
0145 0.009538 0.620155
0146 0.009974 0.518480
0147 0.009178 0.556497
0148 0.009670 0.582026
0149 0.009189 0.480408
0150 0.009311 0.544661
0151 0.009073 0.521066
0152 0.008819 0.460778
0153 0.009030 0.745998
0154 0.008905 0.478884
0155 0.008794 0.460973
0156 0.008786 0.473625
0157 0.008923 0.467282
0158 0.008466 0.484080
0159 0.008766 0.460375
0160 0.008570 0.551495
0161 0.008616 0.420655
0162 0.008471 0.669551
0163 0.008234 0.684275
0164 0.008561 0.497190
0165 0.008214 0.492553
0166 0.008289 0.481414
0167 0.008354 0.485680
0168 0.008544 0.481272
0169 0.008149 0.507408
0170 0.008088 1.369624
0171 0.008063 0.486511
0172 0.008191 0.503806
0173 0.007955 0.390972
0174 0.008243 0.467776
0175 0.007842 0.415756
0176 0.008005 0.408786
0177 0.007778 0.409996
0178 0.007722 0.408764
0179 0.007571 0.413083
0180 0.007734 0.689046
0181 0.007499 0.424634
0182 0.007593 0.429284
0183 0.007307 0.444241
0184 0.007438 0.438924
0185 0.007607 0.428989
0186 0.007378 0.405979
0187 0.007321 0.413833
0188 0.007589 0.523556
0189 0.007455 1.234307
0190 0.007281 0.501872
0191 0.007366 0.467838
0192 0.007392 0.395881
0193 0.007382 0.423175
0194 0.007211 0.492173
0195 0.007510 0.425193
0196 0.006817 0.410484
0197 0.006944 0.433662
0198 0.007000 0.423540
0199 0.007084 0.626102
0200 0.007142 0.402234
